<?xml version="1.0" encoding="UTF-8"?>
<!-- Generated by org.testng.reporters.JUnitXMLReporter -->
<testsuite ignored="0" hostname="DESKTOP-FDAMF98" failures="2" tests="2" name="Test" time="27.227" errors="0" timestamp="2023-06-09T09:15:20 IST">
  <testcase classname="testcases.TC_001_AccountRegistrationTest" name="TC_AccountRegistrationTest" time="0.007">
    <failure type="java.lang.Error" message="Unresolved compilation problem: 
	The method etFirstName(String) is undefined for the type AccountRegistrationPage
">
      <![CDATA[java.lang.Error: Unresolved compilation problem: 
The method etFirstName(String) is undefined for the type AccountRegistrationPage

at testcases.TC_001_AccountRegistrationTest.TC_AccountRegistrationTest(TC_001_AccountRegistrationTest.java:31)
at java.base/java.util.ArrayList.forEach(ArrayList.java:1511)
... Removed 27 stack frames]]>
    </failure>
  </testcase> <!-- TC_AccountRegistrationTest -->
  <testcase classname="testcases.TC_001_AccountRegistrationTest" name="TC_AccountRegistrationTest" time="0.217">
    <failure type="java.lang.NullPointerException" message="Cannot invoke &amp;quot;org.openqa.selenium.TakesScreenshot.getScreenshotAs(org.openqa.selenium.OutputType)&amp;quot; because &amp;quot;takesScreenshot&amp;quot; is null">
      <![CDATA[java.lang.NullPointerException: Cannot invoke "org.openqa.selenium.TakesScreenshot.getScreenshotAs(org.openqa.selenium.OutputType)" because "takesScreenshot" is null
at testbase.BaseClass.captureScreen(BaseClass.java:94)
at utilities.ExtentReportManager.onTestFailure(ExtentReportManager.java:62)
at java.base/java.util.ArrayList.forEach(ArrayList.java:1511)
... Removed 24 stack frames]]>
    </failure>
  </testcase> <!-- TC_AccountRegistrationTest -->
</testsuite> <!-- Test -->
